This is pdfTeX, Version 3.14159265-2.6-1.40.16 (TeX Live 2015/Debian) (preloaded format=pdflatex 2019.3.21)  30 MAR 2019 20:18
entering extended mode
 restricted \write18 enabled.
 %&-line parsing enabled.
**"Automated Brain Disorders Diagnosis.tex"
(./Automated Brain Disorders Diagnosis.tex
LaTeX2e <2016/02/01>
Babel <3.9q> and hyphenation patterns for 5 language(s) loaded.
(./llncs.cls
Document Class: llncs 2013/09/27 v2.18 
 LaTeX document class for Lecture Notes in Computer Science
(/usr/share/texlive/texmf-dist/tex/latex/base/article.cls
Document Class: article 2014/09/29 v1.4h Standard LaTeX document class
(/usr/share/texlive/texmf-dist/tex/latex/base/size10.clo
File: size10.clo 2014/09/29 v1.4h Standard LaTeX file (size option)
)
\c@part=\count79
\c@section=\count80
\c@subsection=\count81
\c@subsubsection=\count82
\c@paragraph=\count83
\c@subparagraph=\count84
\c@figure=\count85
\c@table=\count86
\abovecaptionskip=\skip41
\belowcaptionskip=\skip42
\bibindent=\dimen102
)
(/usr/share/texlive/texmf-dist/tex/latex/tools/multicol.sty
Package: multicol 2015/08/19 v1.8n multicolumn formatting (FMi)
\c@tracingmulticols=\count87
\mult@box=\box26
\multicol@leftmargin=\dimen103
\c@unbalance=\count88
\c@collectmore=\count89
\doublecol@number=\count90
\multicoltolerance=\count91
\multicolpretolerance=\count92
\full@width=\dimen104
\page@free=\dimen105
\premulticols=\dimen106
\postmulticols=\dimen107
\multicolsep=\skip43
\multicolbaselineskip=\skip44
\partial@page=\box27
\last@line=\box28
\maxbalancingoverflow=\dimen108
\mult@rightbox=\box29
\mult@grightbox=\box30
\mult@gfirstbox=\box31
\mult@firstbox=\box32
\@tempa=\box33
\@tempa=\box34
\@tempa=\box35
\@tempa=\box36
\@tempa=\box37
\@tempa=\box38
\@tempa=\box39
\@tempa=\box40
\@tempa=\box41
\@tempa=\box42
\@tempa=\box43
\@tempa=\box44
\@tempa=\box45
\@tempa=\box46
\@tempa=\box47
\@tempa=\box48
\@tempa=\box49
\c@columnbadness=\count93
\c@finalcolumnbadness=\count94
\last@try=\dimen109
\multicolovershoot=\dimen110
\multicolundershoot=\dimen111
\mult@nat@firstbox=\box50
\colbreak@box=\box51
\mc@col@check@num=\count95
)
(/usr/share/texlive/texmf-dist/tex/latex/oberdiek/aliascnt.sty
Package: aliascnt 2009/09/08 v1.3 Alias counters (HO)

(/usr/share/texlive/texmf-dist/tex/latex/carlisle/remreset.sty))
\c@chapter=\count96
LaTeX Font Info:    Redeclaring math symbol \Gamma on input line 362.
LaTeX Font Info:    Redeclaring math symbol \Delta on input line 363.
LaTeX Font Info:    Redeclaring math symbol \Theta on input line 364.
LaTeX Font Info:    Redeclaring math symbol \Lambda on input line 365.
LaTeX Font Info:    Redeclaring math symbol \Xi on input line 366.
LaTeX Font Info:    Redeclaring math symbol \Pi on input line 367.
LaTeX Font Info:    Redeclaring math symbol \Sigma on input line 368.
LaTeX Font Info:    Redeclaring math symbol \Upsilon on input line 369.
LaTeX Font Info:    Redeclaring math symbol \Phi on input line 370.
LaTeX Font Info:    Redeclaring math symbol \Psi on input line 371.
LaTeX Font Info:    Redeclaring math symbol \Omega on input line 372.
\tocchpnum=\dimen112
\tocsecnum=\dimen113
\tocsectotal=\dimen114
\tocsubsecnum=\dimen115
\tocsubsectotal=\dimen116
\tocsubsubsecnum=\dimen117
\tocsubsubsectotal=\dimen118
\tocparanum=\dimen119
\tocparatotal=\dimen120
\tocsubparanum=\dimen121
\@tempcntc=\count97
\fnindent=\dimen122
\c@@inst=\count98
\c@@auth=\count99
\c@auco=\count100
\instindent=\dimen123
\authrun=\box52
\authorrunning=\toks14
\tocauthor=\toks15
\titrun=\box53
\titlerunning=\toks16
\toctitle=\toks17
\c@theorem=\count101
\c@case=\count102
\c@conjecture=\count103
\c@corollary=\count104
\c@definition=\count105
\c@example=\count106
\c@exercise=\count107
\c@lemma=\count108
\c@note=\count109
\c@problem=\count110
\c@property=\count111
\c@proposition=\count112
\c@question=\count113
\c@solution=\count114
\c@remark=\count115
\headlineindent=\dimen124
)
(/usr/share/texlive/texmf-dist/tex/latex/graphics/graphicx.sty
Package: graphicx 2014/10/28 v1.0g Enhanced LaTeX Graphics (DPC,SPQR)

(/usr/share/texlive/texmf-dist/tex/latex/graphics/keyval.sty
Package: keyval 2014/10/28 v1.15 key=value parser (DPC)
\KV@toks@=\toks18
)
(/usr/share/texlive/texmf-dist/tex/latex/graphics/graphics.sty
Package: graphics 2016/01/03 v1.0q Standard LaTeX Graphics (DPC,SPQR)

(/usr/share/texlive/texmf-dist/tex/latex/graphics/trig.sty
Package: trig 2016/01/03 v1.10 sin cos tan (DPC)
)
(/usr/share/texlive/texmf-dist/tex/latex/latexconfig/graphics.cfg
File: graphics.cfg 2010/04/23 v1.9 graphics configuration of TeX Live
)
Package graphics Info: Driver file: pdftex.def on input line 95.

(/usr/share/texlive/texmf-dist/tex/latex/pdftex-def/pdftex.def
File: pdftex.def 2011/05/27 v0.06d Graphics/color for pdfTeX

(/usr/share/texlive/texmf-dist/tex/generic/oberdiek/infwarerr.sty
Package: infwarerr 2010/04/08 v1.3 Providing info/warning/error messages (HO)
)
(/usr/share/texlive/texmf-dist/tex/generic/oberdiek/ltxcmds.sty
Package: ltxcmds 2011/11/09 v1.22 LaTeX kernel commands for general use (HO)
)
\Gread@gobject=\count116
))
\Gin@req@height=\dimen125
\Gin@req@width=\dimen126
)
(./Automated Brain Disorders Diagnosis.aux

LaTeX Warning: Label `sec:4' multiply defined.

)
\openout1 = `"Automated Brain Disorders Diagnosis.aux"'.

LaTeX Font Info:    Checking defaults for OML/cmm/m/it on input line 41.
LaTeX Font Info:    ... okay on input line 41.
LaTeX Font Info:    Checking defaults for T1/cmr/m/n on input line 41.
LaTeX Font Info:    ... okay on input line 41.
LaTeX Font Info:    Checking defaults for OT1/cmr/m/n on input line 41.
LaTeX Font Info:    ... okay on input line 41.
LaTeX Font Info:    Checking defaults for OMS/cmsy/m/n on input line 41.
LaTeX Font Info:    ... okay on input line 41.
LaTeX Font Info:    Checking defaults for OMX/cmex/m/n on input line 41.
LaTeX Font Info:    ... okay on input line 41.
LaTeX Font Info:    Checking defaults for U/cmr/m/n on input line 41.
LaTeX Font Info:    ... okay on input line 41.
 (/usr/share/texlive/texmf-dist/tex/context/base/supp-pdf.mkii
[Loading MPS to PDF converter (version 2006.09.02).]
\scratchcounter=\count117
\scratchdimen=\dimen127
\scratchbox=\box54
\nofMPsegments=\count118
\nofMParguments=\count119
\everyMPshowfont=\toks19
\MPscratchCnt=\count120
\MPscratchDim=\dimen128
\MPnumerator=\count121
\makeMPintoPDFobject=\count122
\everyMPtoPDFconversion=\toks20
) (/usr/share/texlive/texmf-dist/tex/generic/oberdiek/pdftexcmds.sty
Package: pdftexcmds 2011/11/29 v0.20 Utility functions of pdfTeX for LuaTeX (HO
)

(/usr/share/texlive/texmf-dist/tex/generic/oberdiek/ifluatex.sty
Package: ifluatex 2010/03/01 v1.3 Provides the ifluatex switch (HO)
Package ifluatex Info: LuaTeX not detected.
)
(/usr/share/texlive/texmf-dist/tex/generic/oberdiek/ifpdf.sty
Package: ifpdf 2011/01/30 v2.3 Provides the ifpdf switch (HO)
Package ifpdf Info: pdfTeX in PDF mode is detected.
)
Package pdftexcmds Info: LuaTeX not detected.
Package pdftexcmds Info: \pdf@primitive is available.
Package pdftexcmds Info: \pdf@ifprimitive is available.
Package pdftexcmds Info: \pdfdraftmode found.
)
(/usr/share/texlive/texmf-dist/tex/latex/oberdiek/epstopdf-base.sty
Package: epstopdf-base 2010/02/09 v2.5 Base part for package epstopdf

(/usr/share/texlive/texmf-dist/tex/latex/oberdiek/grfext.sty
Package: grfext 2010/08/19 v1.1 Manage graphics extensions (HO)

(/usr/share/texlive/texmf-dist/tex/generic/oberdiek/kvdefinekeys.sty
Package: kvdefinekeys 2011/04/07 v1.3 Define keys (HO)
))
(/usr/share/texlive/texmf-dist/tex/latex/oberdiek/kvoptions.sty
Package: kvoptions 2011/06/30 v3.11 Key value format for package options (HO)

(/usr/share/texlive/texmf-dist/tex/generic/oberdiek/kvsetkeys.sty
Package: kvsetkeys 2012/04/25 v1.16 Key value parser (HO)

(/usr/share/texlive/texmf-dist/tex/generic/oberdiek/etexcmds.sty
Package: etexcmds 2011/02/16 v1.5 Avoid name clashes with e-TeX commands (HO)
Package etexcmds Info: Could not find \expanded.
(etexcmds)             That can mean that you are not using pdfTeX 1.50 or
(etexcmds)             that some package has redefined \expanded.
(etexcmds)             In the latter case, load this package earlier.
)))
Package grfext Info: Graphics extension search list:
(grfext)             [.png,.pdf,.jpg,.mps,.jpeg,.jbig2,.jb2,.PNG,.PDF,.JPG,.JPE
G,.JBIG2,.JB2,.eps]
(grfext)             \AppendGraphicsExtensions on input line 452.

(/usr/share/texlive/texmf-dist/tex/latex/latexconfig/epstopdf-sys.cfg
File: epstopdf-sys.cfg 2010/07/13 v1.3 Configuration of (r)epstopdf for TeX Liv
e
))
LaTeX Font Info:    External font `cmex10' loaded for size
(Font)              <7> on input line 62.
LaTeX Font Info:    External font `cmex10' loaded for size
(Font)              <5> on input line 62.

Overfull \hbox (2.14032pt too wide) in paragraph at lines 66--67
[]\OT1/cmr/m/n/9 In most cases, the di-ag-no-sis of brain dis-or-ders such as e
pilepsy
 []


Overfull \hbox (1.75005pt too wide) in paragraph at lines 66--67
\OT1/cmr/m/n/9 dis-or-der di-ag-no-sis by us-ing Ar-ti-fi-cial In-tel-li-gence 
and deep learn-ing. There
 []


Overfull \hbox (5.14238pt too wide) in paragraph at lines 66--67
\OT1/cmr/m/n/9 are many brain dis-or-ders can be de-tected by read-ing an Elec-
troen-cephalog-
 []

Package epstopdf Info: Source file: <media/eeg-spike.eps>
(epstopdf)                    date: 2018-03-29 19:07:49
(epstopdf)                    size: 695542 bytes
(epstopdf)             Output file: <media/eeg-spike-eps-converted-to.pdf>
(epstopdf)                    date: 2018-03-29 19:13:43
(epstopdf)                    size: 236399 bytes
(epstopdf)             Command: <repstopdf --outfile=media/eeg-spike-eps-conver
ted-to.pdf media/eeg-spike.eps>
(epstopdf)             \includegraphics on input line 86.
Package epstopdf Info: Output file is already uptodate.
<media/eeg-spike-eps-converted-to.pdf, id=1, 1287.81125pt x 862.22125pt>
File: media/eeg-spike-eps-converted-to.pdf Graphic file (type pdf)

<use media/eeg-spike-eps-converted-to.pdf>
Package pdftex.def Info: media/eeg-spike-eps-converted-to.pdf used on input lin
e 86.
(pdftex.def)             Requested size: 172.98239pt x 124.05188pt.
 [1

{/var/lib/texmf/fonts/map/pdftex/updmap/pdftex.map}] [2 <./media/eeg-spike-eps-
converted-to.pdf>]
Overfull \hbox (12.5438pt too wide) in paragraph at lines 131--133
[]\OT1/cmr/m/n/10 Mirowski, 2009 $[$15$]$ Vari-able fea-ture ex-trac-tion meth-
ods used SEN71% Sorensen,
 []


Overfull \hbox (0.93266pt too wide) in paragraph at lines 146--147
[]\OT1/cmr/m/n/10 Direito, 2012 $[$23$]$ Markov mod-el-ing clas-si-fi-ca-tion s
ys-tem. Iden-ti-fied four states
 []

[3]
Package epstopdf Info: Source file: <media/image7.eps>
(epstopdf)                    date: 2018-03-26 12:45:56
(epstopdf)                    size: 162746 bytes
(epstopdf)             Output file: <media/image7-eps-converted-to.pdf>
(epstopdf)                    date: 2018-03-26 12:58:58
(epstopdf)                    size: 69497 bytes
(epstopdf)             Command: <repstopdf --outfile=media/image7-eps-converted
-to.pdf media/image7.eps>
(epstopdf)             \includegraphics on input line 177.
Package epstopdf Info: Output file is already uptodate.
 <media/image7-eps-converted-to.pdf, id=20, 1011.78pt x 477.785pt>
File: media/image7-eps-converted-to.pdf Graphic file (type pdf)

<use media/image7-eps-converted-to.pdf>
Package pdftex.def Info: media/image7-eps-converted-to.pdf used on input line 1
77.
(pdftex.def)             Requested size: 279.12807pt x 142.25761pt.
 [4 <./media/image7-eps-converted-to.pdf>]
Package epstopdf Info: Source file: <media/deep-nn1.eps>
(epstopdf)                    date: 2019-03-30 19:50:30
(epstopdf)                    size: 2220297 bytes
(epstopdf)             Output file: <media/deep-nn1-eps-converted-to.pdf>
(epstopdf)                    date: 2019-03-30 19:51:19
(epstopdf)                    size: 110050 bytes
(epstopdf)             Command: <repstopdf --outfile=media/deep-nn1-eps-convert
ed-to.pdf media/deep-nn1.eps>
(epstopdf)             \includegraphics on input line 214.
Package epstopdf Info: Output file is already uptodate.


pdfTeX warning: pdflatex (file ./media/deep-nn1-eps-converted-to.pdf): PDF incl
usion: found PDF version <1.7>, but at most version <1.5> allowed
<media/deep-nn1-eps-converted-to.pdf, id=31, 962.59625pt x 381.425pt>
File: media/deep-nn1-eps-converted-to.pdf Graphic file (type pdf)

<use media/deep-nn1-eps-converted-to.pdf>
Package pdftex.def Info: media/deep-nn1-eps-converted-to.pdf used on input line
 214.
(pdftex.def)             Requested size: 299.03334pt x 135.71819pt.


LaTeX Warning: `h' float specifier changed to `ht'.

[5]
Missing character: There is no â in font cmr10!
Missing character: There is no € in font cmr10!
Missing character: There is no ¢ in font cmr10!
Package epstopdf Info: Source file: <media/training-pro.eps>
(epstopdf)                    date: 2019-03-30 20:17:13
(epstopdf)                    size: 1241892 bytes
(epstopdf)             Output file: <media/training-pro-eps-converted-to.pdf>
(epstopdf)                    date: 2019-03-30 20:17:17
(epstopdf)                    size: 37638 bytes
(epstopdf)             Command: <repstopdf --outfile=media/training-pro-eps-con
verted-to.pdf media/training-pro.eps>
(epstopdf)             \includegraphics on input line 272.
Package epstopdf Info: Output file is already uptodate.


pdfTeX warning: pdflatex (file ./media/training-pro-eps-converted-to.pdf): PDF 
inclusion: found PDF version <1.7>, but at most version <1.5> allowed
<media/training-pro-eps-converted-to.pdf, id=37, 543.02875pt x 377.41pt>
File: media/training-pro-eps-converted-to.pdf Graphic file (type pdf)

<use media/training-pro-eps-converted-to.pdf>
Package pdftex.def Info: media/training-pro-eps-converted-to.pdf used on input 
line 272.
(pdftex.def)             Requested size: 172.99387pt x 145.39255pt.


LaTeX Warning: `h' float specifier changed to `ht'.

[6 <./media/deep-nn1-eps-converted-to.pdf>]
Package epstopdf Info: Source file: <media/image10.eps>
(epstopdf)                    date: 2018-03-26 12:45:21
(epstopdf)                    size: 20764 bytes
(epstopdf)             Output file: <media/image10-eps-converted-to.pdf>
(epstopdf)                    date: 2018-03-26 12:58:59
(epstopdf)                    size: 24848 bytes
(epstopdf)             Command: <repstopdf --outfile=media/image10-eps-converte
d-to.pdf media/image10.eps>
(epstopdf)             \includegraphics on input line 284.
Package epstopdf Info: Output file is already uptodate.

<media/image10-eps-converted-to.pdf, id=44, 752.8125pt x 464.73625pt>
File: media/image10-eps-converted-to.pdf Graphic file (type pdf)

<use media/image10-eps-converted-to.pdf>
Package pdftex.def Info: media/image10-eps-converted-to.pdf used on input line 
284.
(pdftex.def)             Requested size: 258.35364pt x 145.3928pt.
Package epstopdf Info: Source file: <media/image11.eps>
(epstopdf)                    date: 2018-03-26 12:46:27
(epstopdf)                    size: 19372 bytes
(epstopdf)             Output file: <media/image11-eps-converted-to.pdf>
(epstopdf)                    date: 2018-03-26 12:58:59
(epstopdf)                    size: 23331 bytes
(epstopdf)             Command: <repstopdf --outfile=media/image11-eps-converte
d-to.pdf media/image11.eps>
(epstopdf)             \includegraphics on input line 291.
Package epstopdf Info: Output file is already uptodate.

<media/image11-eps-converted-to.pdf, id=45, 752.8125pt x 464.73625pt>
File: media/image11-eps-converted-to.pdf Graphic file (type pdf)

<use media/image11-eps-converted-to.pdf>
Package pdftex.def Info: media/image11-eps-converted-to.pdf used on input line 
291.
(pdftex.def)             Requested size: 256.07921pt x 144.25111pt.


LaTeX Warning: `h' float specifier changed to `ht'.

[7 <./media/training-pro-eps-converted-to.pdf> <./media/image10-eps-converted-t
o.pdf>]
LaTeX Font Info:    External font `cmex10' loaded for size
(Font)              <9> on input line 335.
LaTeX Font Info:    External font `cmex10' loaded for size
(Font)              <6> on input line 335.
 [8 <./media/image11-eps-converted-to.pdf>] [9] [10]
(./Automated Brain Disorders Diagnosis.aux)

LaTeX Warning: There were multiply-defined labels.

 ) 
Here is how much of TeX's memory you used:
 1945 strings out of 494910
 27546 string characters out of 6179836
 90675 words of memory out of 5000000
 5226 multiletter control sequences out of 15000+600000
 7635 words of font info for 27 fonts, out of 8000000 for 9000
 36 hyphenation exceptions out of 8191
 37i,5n,23p,1068b,242s stack positions out of 5000i,500n,10000p,200000b,80000s
</usr/share/texlive/texmf-dist/fonts/type1/public/amsfonts/cm/cmbx10.pfb></us
r/share/texlive/texmf-dist/fonts/type1/public/amsfonts/cm/cmbx12.pfb></usr/shar
e/texlive/texmf-dist/fonts/type1/public/amsfonts/cm/cmbx9.pfb></usr/share/texli
ve/texmf-dist/fonts/type1/public/amsfonts/cm/cmex10.pfb></usr/share/texlive/tex
mf-dist/fonts/type1/public/amsfonts/cm/cmmi10.pfb></usr/share/texlive/texmf-dis
t/fonts/type1/public/amsfonts/cm/cmmi7.pfb></usr/share/texlive/texmf-dist/fonts
/type1/public/amsfonts/cm/cmr10.pfb></usr/share/texlive/texmf-dist/fonts/type1/
public/amsfonts/cm/cmr7.pfb></usr/share/texlive/texmf-dist/fonts/type1/public/a
msfonts/cm/cmr9.pfb></usr/share/texlive/texmf-dist/fonts/type1/public/amsfonts/
cm/cmsy10.pfb></usr/share/texlive/texmf-dist/fonts/type1/public/amsfonts/cm/cms
y7.pfb>
Output written on "Automated Brain Disorders Diagnosis.pdf" (10 pages, 643535 b
ytes).
PDF statistics:
 107 PDF objects out of 1000 (max. 8388607)
 69 compressed objects within 1 object stream
 0 named destinations out of 1000 (max. 500000)
 31 words of extra memory for PDF output out of 10000 (max. 10000000)

